11:18:54,355 INFO  ~ Starting /home/miko/ese/team4/ese2010-team4/qa
11:18:54,460 INFO  ~ Module cobertura is available (/home/miko/Downloads/play-1.1/modules/cobertura-2.0)
11:18:54,462 INFO  ~ Module crud is available (/home/miko/Downloads/play-1.1/modules/crud)
11:19:00,025 WARN  ~ Actually play.tmp is set to null. Set it to play.tmp=none
11:19:00,125 WARN  ~ You're running Play! in DEV mode
~
~ Go to http://localhost:9000/@tests to run the tests
~
11:19:00,773 INFO  ~ Listening for HTTP on port 9000 (Waiting a first request to start) ...
Cobertura: Saved information on 38 classes.
11:19:37,940 INFO  ~ Connected to jdbc:hsqldb:mem:playembed
11:19:44,385 INFO  ~ Application 'ese2010-simpleUI' is now started !
11:20:47,349 INFO  ~ Cobertura plugin: generating test coverage report
Cobertura: Loaded information on 38 classes.
Cobertura: Saved information on 38 classes.
Cobertura 1.9.2 - GNU GPL License (NO WARRANTY) - See COPYRIGHT file
Cobertura: Loaded information on 38 classes.
Javancss.<init>(InputStream).e: net.sourceforge.cobertura.javancss.ParseException: Encountered "interface" at line 164, column 13.
Was expecting one of:
    "assert" ...
    "enum" ...
    <IDENTIFIER> ...
    
11:20:49,945 WARN  ~ JavaNCSS got an error while parsing the java file /home/miko/Downloads/play-1.1/modules/crud/app/controllers/CRUD.java
ParseException in STDIN
Last useful checkpoint: "controllers.CRUD"
Encountered "interface" at line 164, column 13.
Was expecting one of:
    "assert" ...
    "enum" ...
    <IDENTIFIER> ...
    

Report time: 3034ms
Cobertura 1.9.2 - GNU GPL License (NO WARRANTY) - See COPYRIGHT file
Cobertura: Loaded information on 38 classes.
Javancss.<init>(InputStream).e: net.sourceforge.cobertura.javancss.ParseException: Encountered "interface" at line 164, column 13.
Was expecting one of:
    "assert" ...
    "enum" ...
    <IDENTIFIER> ...
    
11:20:52,617 WARN  ~ JavaNCSS got an error while parsing the java file /home/miko/Downloads/play-1.1/modules/crud/app/controllers/CRUD.java
ParseException in STDIN
Last useful checkpoint: "controllers.CRUD"
Encountered "interface" at line 164, column 13.
Was expecting one of:
    "assert" ...
    "enum" ...
    <IDENTIFIER> ...
    

Report time: 1220ms
11:20:53,616 INFO  ~ Test coverage report has been generated: file:/home/miko/ese/team4/ese2010-team4/qa/test-result/code-coverage/index.html
